[00:01:14.271,118] <inf> main: PROF_MAIN_SETUP 0
[00:01:14.271,118] <inf> main: PROF_MAIN_CONTINUE 572
[00:01:14.271,118] <inf> main: PROF_MAIN_INPUT_CONSUME 762
[00:01:14.271,118] <inf> main: PROF_MAIN_INPUT_CHECK_INPUT 133
[00:01:14.271,148] <inf> main: PROF_MAIN_INPUT_TICK 807
[00:01:14.271,148] <inf> main: PROF_MAIN_NO_INPUT 295
[00:01:14.271,148] <inf> main: PROF_MAIN_TICK_CHECK_INPUT 0
[00:01:14.271,148] <inf> main: PROF_MAIN_TICK_TICK 0
[00:01:14.271,148] <inf> main: PROF_MAIN_TICK_INPUT_CHECK 0
[00:01:14.271,179] <inf> main: PROF_MAIN_SLEEP_SET_ALARM 695
[00:01:14.271,179] <inf> main: PROF_MAIN_SLEEP_BLOCK 275
[00:01:14.271,179] <inf> main: PROF_MAIN_WAKE_CANCEL 151
[00:01:14.271,179] <inf> main: PROF_MAIN_WAKE_SEM_RESET 372
[00:01:14.271,209] <inf> main: PROF_MAIN_WAKE_CHECK_INPUT 136
[00:01:14.271,209] <inf> main: PROF_INPUT_ENTER 205
[00:01:14.271,209] <inf> main: PROF_INPUT_READTIME 95
[00:01:14.271,209] <inf> main: PROF_INPUT_ALLOC 105
[00:01:14.271,240] <inf> main: PROF_INPUT_COMMIT 404
[00:01:14.271,240] <inf> main: PROF_INPUT_LEAVE 679
[00:01:14.271,240] <inf> main: PROF_USER_RESUME 246
[00:01:14.271,270] <inf> main: PROF_USER_YIELD 70
[00:01:14.271,270] <inf> main: PROF_USER_LEAVE 0


[00:01:14.271,087] <inf> main: PROF_MAIN_SETUP 0
[00:01:14.271,087] <inf> main: PROF_MAIN_CONTINUE 595
[00:01:14.271,087] <inf> main: PROF_MAIN_INPUT_CONSUME 736
[00:01:14.271,087] <inf> main: PROF_MAIN_INPUT_CHECK_INPUT 126
[00:01:14.271,118] <inf> main: PROF_MAIN_INPUT_TICK 833
[00:01:14.271,118] <inf> main: PROF_MAIN_NO_INPUT 274
[00:01:14.271,118] <inf> main: PROF_MAIN_TICK_CHECK_INPUT 0
[00:01:14.271,118] <inf> main: PROF_MAIN_TICK_TICK 0
[00:01:14.271,118] <inf> main: PROF_MAIN_TICK_INPUT_CHECK 0
[00:01:14.271,148] <inf> main: PROF_MAIN_SLEEP_SET_ALARM 712
[00:01:14.271,148] <inf> main: PROF_MAIN_SLEEP_BLOCK 267
[00:01:14.271,148] <inf> main: PROF_MAIN_WAKE_CANCEL 168
[00:01:14.271,148] <inf> main: PROF_MAIN_WAKE_SEM_RESET 327
[00:01:14.271,148] <inf> main: PROF_MAIN_WAKE_CHECK_INPUT 144
[00:01:14.271,179] <inf> main: PROF_INPUT_ENTER 206
[00:01:14.271,179] <inf> main: PROF_INPUT_READTIME 102
[00:01:14.271,179] <inf> main: PROF_INPUT_ALLOC 101
[00:01:14.271,179] <inf> main: PROF_INPUT_COMMIT 412
[00:01:14.271,179] <inf> main: PROF_INPUT_LEAVE 687
[00:01:14.271,209] <inf> main: PROF_USER_RESUME 246
[00:01:14.271,209] <inf> main: PROF_USER_YIELD 66
[00:01:14.271,209] <inf> main: PROF_USER_LEAVE 0

[00:01:38.608,245] <inf> main: PROF_MAIN_SETUP 0
[00:01:38.608,245] <inf> main: PROF_MAIN_CONTINUE 303
[00:01:38.608,245] <inf> main: PROF_MAIN_INPUT_CONSUME 1122
[00:01:38.608,245] <inf> main: PROF_MAIN_INPUT_CHECK_INPUT 175
[00:01:38.608,276] <inf> main: PROF_MAIN_INPUT_TICK 996
[00:01:38.608,276] <inf> main: PROF_MAIN_NO_INPUT 520
[00:01:38.608,276] <inf> main: PROF_MAIN_TICK_CHECK_INPUT 0
[00:01:38.608,276] <inf> main: PROF_MAIN_TICK_TICK 0
[00:01:38.608,276] <inf> main: PROF_MAIN_TICK_INPUT_CHECK 0
[00:01:38.608,306] <inf> main: PROF_MAIN_SLEEP_SET_ALARM 553
[00:01:38.608,306] <inf> main: PROF_MAIN_SLEEP_BLOCK 94
[00:01:38.608,306] <inf> main: PROF_MAIN_WAKE_CANCEL 113
[00:01:38.608,306] <inf> main: PROF_MAIN_WAKE_SEM_RESET 329
[00:01:38.608,306] <inf> main: PROF_MAIN_WAKE_CHECK_INPUT 109
[00:01:38.608,337] <inf> main: PROF_INPUT_ENTER 204
[00:01:38.608,337] <inf> main: PROF_INPUT_READTIME 103
[00:01:38.608,337] <inf> main: PROF_INPUT_ALLOC 110
[00:01:38.608,337] <inf> main: PROF_INPUT_COMMIT 423
[00:01:38.608,337] <inf> main: PROF_INPUT_LEAVE 524
[00:01:38.608,367] <inf> main: PROF_USER_RESUME 263
[00:01:38.608,367] <inf> main: PROF_USER_YIELD 61
[00:01:38.608,367] <inf> main: PROF_USER_LEAVE 0
